<?xml version="1.0" encoding="UTF-8"?>
<!-- Generated by org.testng.reporters.JUnitXMLReporter -->
<testsuite ignored="0" hostname="DESKTOP-IJ5P42Q" failures="0" tests="3" name="Surefire test" time="5.697" errors="0" timestamp="2023-08-28T23:07:32 CST">
  <testcase classname="io.github.josecarlosbran.LogsJB.LogsJBTest" name="writeLogTxt" time="0.085"/>
  <testcase classname="io.github.josecarlosbran.LogsJB.LogsJBTest" name="writeLogDB" time="0.937"/>
  <testcase classname="io.github.josecarlosbran.LogsJB.LogsJBTest" name="writeLogRestAPI" time="4.618"/>
</testsuite> <!-- Surefire test -->
