<?xml version="1.0" encoding="UTF-8"?>
<!-- Generated by org.testng.reporters.JUnitXMLReporter -->
<testsuite ignored="0" hostname="DESKTOP-IJ5P42Q" failures="0" tests="3" name="Surefire test" time="1.332" errors="0" timestamp="2023-08-15T12:46:42 CST">
  <testcase classname="io.github.josecarlosbran.LogsJB.LogsJBTest" name="writeLogTxt" time="0.074"/>
  <testcase classname="io.github.josecarlosbran.LogsJB.LogsJBTest" name="writeLogDB" time="0.71"/>
  <testcase classname="io.github.josecarlosbran.LogsJB.LogsJBTest" name="writeLogRestAPI" time="0.48"/>
</testsuite> <!-- Surefire test -->
