<?xml version="1.0" encoding="UTF-8"?>
<testng-results ignored="0" total="1" passed="1" failed="0" skipped="0">
  <reporter-output>
  </reporter-output>
  <suite started-at="2023-07-28T16:20:55 CST" name="Surefire suite" finished-at="2023-07-28T16:21:20 CST" duration-ms="24916">
    <groups>
    </groups>
    <test started-at="2023-07-28T16:20:55 CST" name="Surefire test" finished-at="2023-07-28T16:21:20 CST" duration-ms="24916">
      <class name="com.josebran.LogsJB.LogsJBTest">
        <test-method signature="writeLog()[pri:0, instance:com.josebran.LogsJB.LogsJBTest@6b1274d2]" started-at="2023-07-28T16:20:55 CST" name="writeLog" finished-at="2023-07-28T16:21:20 CST" duration-ms="24874" status="PASS">
          <reporter-output>
          </reporter-output>
        </test-method> <!-- writeLog -->
      </class> <!-- com.josebran.LogsJB.LogsJBTest -->
    </test> <!-- Surefire test -->
  </suite> <!-- Surefire suite -->
</testng-results>
