<?xml version="1.0" encoding="UTF-8"?>
<testsuite xmlns:xsi="http://www.w3.org/2001/XMLSchema-instance" xsi:noNamespaceSchemaLocation="https://maven.apache.org/surefire/maven-surefire-plugin/xsd/surefire-test-report.xsd" name="io.github.josecarlosbran.LogsJB.LogsJBTest" time="7.14" tests="3" errors="0" skipped="0" failures="0">
  <properties>
[...]
</properties>
  <testcase name="writeLogTxt" classname="io.github.josecarlosbran.LogsJB.LogsJBTest" time="0.086"/>
  <testcase name="writeLogDB" classname="io.github.josecarlosbran.LogsJB.LogsJBTest" time="1.193"/>
  <testcase name="writeLogRestAPI" classname="io.github.josecarlosbran.LogsJB.LogsJBTest" time="4.37"/>
</testsuite>