<?xml version="1.0" encoding="UTF-8"?>
<testsuite name="LogsJB"
           tests="3"
           failures="0"
           errors="0"
           skipped="0"
           time="8.415">
  <properties />
  
  
            <testcase name="writeLogTxt" time="0.178" classname="io.github.josecarlosbran.LogsJB.LogsJBTest" />
                <testcase name="writeLogDB" time="0.535" classname="io.github.josecarlosbran.LogsJB.LogsJBTest" />
                <testcase name="writeLogRestAPI" time="7.702" classname="io.github.josecarlosbran.LogsJB.LogsJBTest" />
      
</testsuite>
