<?xml version="1.0" encoding="UTF-8"?>
<testsuite name="Surefire test"
           tests="3"
           failures="0"
           errors="0"
           skipped="0"
           time="5.640">
  <properties />
  
  
            <testcase name="writeLogTxt" time="0.085" classname="io.github.josecarlosbran.LogsJB.LogsJBTest" />
                <testcase name="writeLogDB" time="0.937" classname="io.github.josecarlosbran.LogsJB.LogsJBTest" />
                <testcase name="writeLogRestAPI" time="4.618" classname="io.github.josecarlosbran.LogsJB.LogsJBTest" />
      
</testsuite>
